<?xml version="1.0" encoding="utf-8"?><testsuites name="pytest tests"><testsuite name="pytest" errors="0" failures="0" skipped="0" tests="9" time="0.034" timestamp="2025-07-23T10:57:25.107364-06:00" hostname="HUAWEI14"><testcase classname="01_test.Test_0001" name="test_suma" time="0.001" /><testcase classname="01_test.Test_0002" name="test_cadena" time="0.000" /><testcase classname="03_unittest.Test_001" name="test_equal" time="0.000" /><testcase classname="03_unittest.Test_001" name="test_false" time="0.000" /><testcase classname="03_unittest.Test_001" name="test_inassert" time="0.000" /><testcase classname="03_unittest.Test_001" name="test_isnotassert" time="0.000" /><testcase classname="03_unittest.Test_001" name="test_notwequal" time="0.000" /><testcase classname="03_unittest.Test_001" name="test_practico" time="0.000" /><testcase classname="03_unittest.Test_001" name="test_true" time="0.000" /></testsuite></testsuites>